<?xml version="1.0" encoding="UTF-8"?>
<testsuite xmlns:xsi="http://www.w3.org/2001/XMLSchema-instance" xsi:noNamespaceSchemaLocation="https://maven.apache.org/surefire/maven-surefire-plugin/xsd/surefire-test-report.xsd" version="3.0.2" name="TestSuite" time="3.724" tests="3" errors="0" skipped="0" failures="1">
  <properties>
[...]
</properties>
  <testcase name="loginWithInValidUser" classname="test.LoginTest" time="1.904">
    <system-out><![CDATA[Request method:	POST
Request URI:	https://reqres.in/api/login
Proxy:			<none>
Request params:	<none>
Query params:	<none>
Form params:	<none>
Path params:	<none>
Headers:		Accept=*/*
				Content-Type=application/json
Cookies:		<none>
Multiparts:		<none>
Body:
{
    "email": "test@gmail.com",
    "password": "auto"
}
HTTP/1.1 400 Bad Request
Date: Sat, 23 Nov 2024 13:27:56 GMT
Content-Type: application/json; charset=utf-8
Content-Length: 26
Connection: keep-alive
Report-To: {"group":"heroku-nel","max_age":3600,"endpoints":[{"url":"https://nel.heroku.com/reports?ts=1732368476&sid=c4c9725f-1ab0-44d8-820f-430df2718e11&s=VsjiG8UyPzgKW5E6RtdrSs7QLcPTxbVIT%2BWuOm7YZ3A%3D"}]}
Reporting-Endpoints: heroku-nel=https://nel.heroku.com/reports?ts=1732368476&sid=c4c9725f-1ab0-44d8-820f-430df2718e11&s=VsjiG8UyPzgKW5E6RtdrSs7QLcPTxbVIT%2BWuOm7YZ3A%3D
Nel: {"report_to":"heroku-nel","max_age":3600,"success_fraction":0.005,"failure_fraction":0.05,"response_headers":["Via"]}
X-Powered-By: Express
Access-Control-Allow-Origin: *
Etag: W/"1a-EGIcyP6BIiCXl5Gb1aph5CGf4VQ"
Via: 1.1 vegur
cf-cache-status: DYNAMIC
Server: cloudflare
CF-RAY: 8e717fe04b4e0694-MAA
server-timing: cfL4;desc="?proto=TCP&rtt=6468&sent=7&recv=7&lost=0&retrans=0&sent_bytes=3109&recv_bytes=794&delivery_rate=521428&cwnd=252&unsent_bytes=0&cid=5dc3a79c65f58dcf&ts=391&x=0"

{
    "error": "user not found"
}
]]></system-out>
    <system-err><![CDATA[SLF4J: Failed to load class "org.slf4j.impl.StaticLoggerBinder".
SLF4J: Defaulting to no-operation (NOP) logger implementation
SLF4J: See http://www.slf4j.org/codes.html#StaticLoggerBinder for further details.
]]></system-err>
  </testcase>
  <testcase name="loginWithInvalidRequest" classname="test.LoginTest" time="0.354">
    <system-out><![CDATA[Request method:	POST
Request URI:	https://reqres.in/api/login
Proxy:			<none>
Request params:	<none>
Query params:	<none>
Form params:	<none>
Path params:	<none>
Headers:		Accept=*/*
				Content-Type=application/json
Cookies:		<none>
Multiparts:		<none>
Body:
{
    "email": "test@gmail.com"
}
HTTP/1.1 400 Bad Request
Date: Sat, 23 Nov 2024 13:27:57 GMT
Content-Type: application/json; charset=utf-8
Content-Length: 28
Connection: keep-alive
Report-To: {"group":"heroku-nel","max_age":3600,"endpoints":[{"url":"https://nel.heroku.com/reports?ts=1732368477&sid=c4c9725f-1ab0-44d8-820f-430df2718e11&s=B6hqAWGhmaaL%2F11%2FkgonVhLqWIe7S%2FQoSHtjuhEOwhY%3D"}]}
Reporting-Endpoints: heroku-nel=https://nel.heroku.com/reports?ts=1732368477&sid=c4c9725f-1ab0-44d8-820f-430df2718e11&s=B6hqAWGhmaaL%2F11%2FkgonVhLqWIe7S%2FQoSHtjuhEOwhY%3D
Nel: {"report_to":"heroku-nel","max_age":3600,"success_fraction":0.005,"failure_fraction":0.05,"response_headers":["Via"]}
X-Powered-By: Express
Access-Control-Allow-Origin: *
Etag: W/"1c-NmpazMScs9tOqR7eDEesn+pqC9Q"
Via: 1.1 vegur
cf-cache-status: DYNAMIC
Server: cloudflare
CF-RAY: 8e717fe5f9ff398f-MAA
server-timing: cfL4;desc="?proto=TCP&rtt=7611&sent=5&recv=6&lost=0&retrans=0&sent_bytes=3109&recv_bytes=772&delivery_rate=692709&cwnd=252&unsent_bytes=0&cid=d46ae8c555d6eacc&ts=312&x=0"

{
    "error": "Missing password"
}
]]></system-out>
  </testcase>
  <testcase name="loginWithValidUser" classname="test.LoginTest" time="0.495">
    <failure message="HTTP Status Code expected [200] but found [400]" type="java.lang.AssertionError"><![CDATA[java.lang.AssertionError: HTTP Status Code expected [200] but found [400]
	at org.testng.Assert.fail(Assert.java:111)
	at org.testng.Assert.failNotEquals(Assert.java:1578)
	at org.testng.Assert.assertEqualsImpl(Assert.java:150)
	at org.testng.Assert.assertEquals(Assert.java:132)
	at org.testng.Assert.assertEquals(Assert.java:1419)
	at org.testng.Assert.assertEquals(Assert.java:1383)
	at test.LoginTest.loginWithValidUser(LoginTest.java:25)
	at java.base/jdk.internal.reflect.NativeMethodAccessorImpl.invoke0(Native Method)
	at java.base/jdk.internal.reflect.NativeMethodAccessorImpl.invoke(NativeMethodAccessorImpl.java:62)
	at java.base/jdk.internal.reflect.DelegatingMethodAccessorImpl.invoke(DelegatingMethodAccessorImpl.java:43)
	at java.base/java.lang.reflect.Method.invoke(Method.java:566)
	at org.testng.internal.invokers.MethodInvocationHelper.invokeMethod(MethodInvocationHelper.java:141)
	at org.testng.internal.invokers.TestInvoker.invokeMethod(TestInvoker.java:686)
	at org.testng.internal.invokers.TestInvoker.invokeTestMethod(TestInvoker.java:230)
	at org.testng.internal.invokers.MethodRunner.runInSequence(MethodRunner.java:63)
	at org.testng.internal.invokers.TestInvoker$MethodInvocationAgent.invoke(TestInvoker.java:992)
	at org.testng.internal.invokers.TestInvoker.invokeTestMethods(TestInvoker.java:203)
	at org.testng.internal.invokers.TestMethodWorker.invokeTestMethods(TestMethodWorker.java:154)
	at org.testng.internal.invokers.TestMethodWorker.run(TestMethodWorker.java:134)
	at java.base/java.util.ArrayList.forEach(ArrayList.java:1541)
	at org.testng.TestRunner.privateRun(TestRunner.java:739)
	at org.testng.TestRunner.run(TestRunner.java:614)
	at org.testng.SuiteRunner.runTest(SuiteRunner.java:421)
	at org.testng.SuiteRunner.runSequentially(SuiteRunner.java:413)
	at org.testng.SuiteRunner.privateRun(SuiteRunner.java:373)
	at org.testng.SuiteRunner.run(SuiteRunner.java:312)
	at org.testng.SuiteRunnerWorker.runSuite(SuiteRunnerWorker.java:52)
	at org.testng.SuiteRunnerWorker.run(SuiteRunnerWorker.java:95)
	at org.testng.TestNG.runSuitesSequentially(TestNG.java:1274)
	at org.testng.TestNG.runSuitesLocally(TestNG.java:1208)
	at org.testng.TestNG.runSuites(TestNG.java:1112)
	at org.testng.TestNG.run(TestNG.java:1079)
	at org.apache.maven.surefire.testng.TestNGExecutor.run(TestNGExecutor.java:308)
	at org.apache.maven.surefire.testng.TestNGXmlTestSuite.execute(TestNGXmlTestSuite.java:71)
	at org.apache.maven.surefire.testng.TestNGProvider.invoke(TestNGProvider.java:113)
	at org.apache.maven.surefire.booter.ForkedBooter.runSuitesInProcess(ForkedBooter.java:385)
	at org.apache.maven.surefire.booter.ForkedBooter.execute(ForkedBooter.java:162)
	at org.apache.maven.surefire.booter.ForkedBooter.run(ForkedBooter.java:507)
	at org.apache.maven.surefire.booter.ForkedBooter.main(ForkedBooter.java:495)
]]></failure>
    <system-out><![CDATA[https://reqres.in/api
Request method:	POST
Request URI:	https://reqres.in/api/login
Proxy:			<none>
Request params:	<none>
Query params:	<none>
Form params:	<none>
Path params:	<none>
Headers:		Accept=*/*
				Content-Type=application/json
Cookies:		<none>
Multiparts:		<none>
Body:
{
    "email": "test@gmail.com",
    "password": "test"
}
HTTP/1.1 400 Bad Request
Date: Sat, 23 Nov 2024 13:27:57 GMT
Content-Type: application/json; charset=utf-8
Content-Length: 26
Connection: keep-alive
Report-To: {"group":"heroku-nel","max_age":3600,"endpoints":[{"url":"https://nel.heroku.com/reports?ts=1732368477&sid=c4c9725f-1ab0-44d8-820f-430df2718e11&s=B6hqAWGhmaaL%2F11%2FkgonVhLqWIe7S%2FQoSHtjuhEOwhY%3D"}]}
Reporting-Endpoints: heroku-nel=https://nel.heroku.com/reports?ts=1732368477&sid=c4c9725f-1ab0-44d8-820f-430df2718e11&s=B6hqAWGhmaaL%2F11%2FkgonVhLqWIe7S%2FQoSHtjuhEOwhY%3D
Nel: {"report_to":"heroku-nel","max_age":3600,"success_fraction":0.005,"failure_fraction":0.05,"response_headers":["Via"]}
X-Powered-By: Express
Access-Control-Allow-Origin: *
Etag: W/"1a-EGIcyP6BIiCXl5Gb1aph5CGf4VQ"
Via: 1.1 vegur
cf-cache-status: DYNAMIC
Server: cloudflare
CF-RAY: 8e717fe8ff4417b0-MAA
server-timing: cfL4;desc="?proto=TCP&rtt=73373&sent=5&recv=7&lost=0&retrans=0&sent_bytes=3111&recv_bytes=794&delivery_rate=64318&cwnd=252&unsent_bytes=0&cid=f1d7efb61d1c016a&ts=380&x=0"

{
    "error": "user not found"
}
]]></system-out>
  </testcase>
</testsuite>