<?xml version="1.0" encoding="UTF-8"?>
<!-- Generated by org.testng.reporters.JUnitXMLReporter -->
<testsuite ignored="0" hostname="LAPTOP-M13IRKBK" failures="1" tests="1" name="LoginTest" time="1.492" errors="0" timestamp="2024-11-23T17:31:54 IST">
  <testcase classname="test.LoginTest" name="loginWithValidUserData" time="1.462">
    <failure type="java.lang.AssertionError" message="HTTP Status Code expected [200] but found [400]">
      <![CDATA[java.lang.AssertionError: HTTP Status Code expected [200] but found [400]
at test.LoginTest.loginWithValidUserData(LoginTest.java:23)
at java.base/java.util.ArrayList.forEach(ArrayList.java:1541)
... Removed 33 stack frames]]>
    </failure>
  </testcase> <!-- loginWithValidUserData -->
</testsuite> <!-- LoginTest -->
