<?xml version="1.0" encoding="UTF-8"?>
<!-- Generated by org.testng.reporters.JUnitXMLReporter -->
<testsuite ignored="0" hostname="LAPTOP-M13IRKBK" failures="1" tests="3" name="LoginTest" time="2.79" errors="0" timestamp="2024-11-23T18:57:58 IST">
  <testcase classname="test.LoginTest" name="loginWithInValidUser" time="1.901"/>
  <testcase classname="test.LoginTest" name="loginWithInvalidRequest" time="0.364"/>
  <testcase classname="test.LoginTest" name="loginWithValidUser" time="0.491">
    <failure type="java.lang.AssertionError" message="HTTP Status Code expected [200] but found [400]">
      <![CDATA[java.lang.AssertionError: HTTP Status Code expected [200] but found [400]
at test.LoginTest.loginWithValidUser(LoginTest.java:25)
at java.base/java.util.ArrayList.forEach(ArrayList.java:1541)
... Removed 37 stack frames]]>
    </failure>
  </testcase> <!-- loginWithValidUser -->
</testsuite> <!-- LoginTest -->
